<?xml version="1.0" encoding="UTF-8"?>
<!-- Generated by org.testng.reporters.JUnitReportReporter -->
<testsuite skipped="0" hostname="DESKTOP-PHM18A9" name="Scripts.TCs" tests="3" failures="0" timestamp="22 Jul 2018 11:50:19 GMT" time="55.200" errors="0">
  <testcase name="SignUp" time="26.659" classname="Scripts.TCs"/>
  <testcase name="SignIn" time="4.932" classname="Scripts.TCs"/>
  <testcase name="AddItemToCart" time="23.609" classname="Scripts.TCs"/>
</testsuite> <!-- Scripts.TCs -->
